<?xml version="1.0" encoding="utf-8"?><testsuites name="pytest tests"><testsuite name="pytest" errors="0" failures="0" skipped="0" tests="16" time="5.804" timestamp="2026-07-26T08:23:50.208150+00:00" hostname="agent-env-80699d6d-a448-4c5c-bb12-877532be19a3"><testcase classname="tests.backend_test.TestAuth" name="test_login_ok" time="0.718" /><testcase classname="tests.backend_test.TestAI" name="test_providers" time="0.855" /><testcase classname="tests.backend_test.TestAI" name="test_health" time="3.166" /><testcase classname="tests.backend_test.TestAuth" name="test_me" time="0.604" /><testcase classname="tests.backend_test.TestAuth" name="test_refresh" time="0.079" /><testcase classname="tests.backend_test.TestAuth" name="test_change_password_wrong" time="0.258" /><testcase classname="tests.backend_test.TestAuth" name="test_change_password_roundtrip" time="1.022" /><testcase classname="tests.backend_test.TestAuth" name="test_logout_and_me_401" time="0.367" /><testcase classname="tests.backend_test.TestAuth" name="test_brute_force_lockout" time="0.685" /><testcase classname="tests.backend_test.TestPlugins" name="test_plugin_lifecycle" time="0.233" /><testcase classname="tests.backend_test.TestSettings" name="test_update_and_get_system" time="0.084" /><testcase classname="tests.backend_test.TestAI" name="test_chat_prompt_schema" time="1.144" /><testcase classname="tests.backend_test.TestUsers" name="test_update_display_name" time="0.078" /><testcase classname="tests.backend_test.TestLogs" name="test_logs_filter" time="0.047" /><testcase classname="tests.backend_test.TestBrokers" name="test_broker_plugins_empty" time="0.063" /><testcase classname="tests.backend_test.TestBrokers" name="test_create_account_nonexistent_plugin" time="0.034" /></testsuite></testsuites>